

Started GET "/search/results/tomato" for 127.0.0.1 at 2013-12-22 00:28:33 +0100

ActiveRecord::PendingMigrationError - Migrations are pending; run 'bin/rake db:migrate RAILS_ENV=development' to resolve this issue.:
   () Users/Franzi/.rvm/gems/ruby-2.0.0-p247@global/gems/activerecord-4.0.1/lib/active_record/migration.rb:379:in `check_pending!'
   () Users/Franzi/.rvm/gems/ruby-2.0.0-p247@global/gems/activerecord-4.0.1/lib/active_record/migration.rb:366:in `call'
   () Users/Franzi/.rvm/gems/ruby-2.0.0-p247@global/gems/actionpack-4.0.1/lib/action_dispatch/middleware/callbacks.rb:29:in `block in call'
   () Users/Franzi/.rvm/gems/ruby-2.0.0-p247@global/gems/activesupport-4.0.1/lib/active_support/callbacks.rb:373:in `_run__2146128607769498822__call__callbacks'
   () Users/Franzi/.rvm/gems/ruby-2.0.0-p247@global/gems/activesupport-4.0.1/lib/active_support/callbacks.rb:80:in `run_callbacks'
   () Users/Franzi/.rvm/gems/ruby-2.0.0-p247@global/gems/actionpack-4.0.1/lib/action_dispatch/middleware/callbacks.rb:27:in `call'
   () Users/Franzi/.rvm/gems/ruby-2.0.0-p247@global/gems/actionpack-4.0.1/lib/action_dispatch/middleware/reloader.rb:64:in `call'
   () Users/Franzi/.rvm/gems/ruby-2.0.0-p247@global/gems/actionpack-4.0.1/lib/action_dispatch/middleware/remote_ip.rb:76:in `call'
  better_errors (1.0.1) lib/better_errors/middleware.rb:84:in `protected_app_call'
  better_errors (1.0.1) lib/better_errors/middleware.rb:79:in `better_errors_call'
  better_errors (1.0.1) lib/better_errors/middleware.rb:56:in `call'
   () Users/Franzi/.rvm/gems/ruby-2.0.0-p247@global/gems/actionpack-4.0.1/lib/action_dispatch/middleware/debug_exceptions.rb:17:in `call'
   () Users/Franzi/.rvm/gems/ruby-2.0.0-p247@global/gems/actionpack-4.0.1/lib/action_dispatch/middleware/show_exceptions.rb:30:in `call'
   () Users/Franzi/.rvm/gems/ruby-2.0.0-p247@global/gems/railties-4.0.1/lib/rails/rack/logger.rb:38:in `call_app'
   () Users/Franzi/.rvm/gems/ruby-2.0.0-p247@global/gems/railties-4.0.1/lib/rails/rack/logger.rb:20:in `block in call'
   () Users/Franzi/.rvm/gems/ruby-2.0.0-p247@global/gems/activesupport-4.0.1/lib/active_support/tagged_logging.rb:67:in `block in tagged'
   () Users/Franzi/.rvm/gems/ruby-2.0.0-p247@global/gems/activesupport-4.0.1/lib/active_support/tagged_logging.rb:25:in `tagged'
   () Users/Franzi/.rvm/gems/ruby-2.0.0-p247@global/gems/activesupport-4.0.1/lib/active_support/tagged_logging.rb:67:in `tagged'
   () Users/Franzi/.rvm/gems/ruby-2.0.0-p247@global/gems/railties-4.0.1/lib/rails/rack/logger.rb:20:in `call'
  config/initializers/quiet_assets.rb:7:in `call_with_quiet_assets'
   () Users/Franzi/.rvm/gems/ruby-2.0.0-p247@global/gems/actionpack-4.0.1/lib/action_dispatch/middleware/request_id.rb:21:in `call'
   () Users/Franzi/.rvm/gems/ruby-2.0.0-p247@global/gems/rack-1.5.2/lib/rack/methodoverride.rb:21:in `call'
   () Users/Franzi/.rvm/gems/ruby-2.0.0-p247@global/gems/rack-1.5.2/lib/rack/runtime.rb:17:in `call'
   () Users/Franzi/.rvm/gems/ruby-2.0.0-p247@global/gems/activesupport-4.0.1/lib/active_support/cache/strategy/local_cache.rb:83:in `call'
   () Users/Franzi/.rvm/gems/ruby-2.0.0-p247@global/gems/rack-1.5.2/lib/rack/lock.rb:17:in `call'
   () Users/Franzi/.rvm/gems/ruby-2.0.0-p247@global/gems/actionpack-4.0.1/lib/action_dispatch/middleware/static.rb:64:in `call'
   () Users/Franzi/.rvm/gems/ruby-2.0.0-p247@global/gems/rack-1.5.2/lib/rack/sendfile.rb:112:in `call'
   () Users/Franzi/.rvm/gems/ruby-2.0.0-p247@global/gems/railties-4.0.1/lib/rails/engine.rb:511:in `call'
   () Users/Franzi/.rvm/gems/ruby-2.0.0-p247@global/gems/railties-4.0.1/lib/rails/application.rb:97:in `call'
   () Users/Franzi/.rvm/gems/ruby-2.0.0-p247@global/gems/rack-1.5.2/lib/rack/lock.rb:17:in `call'
   () Users/Franzi/.rvm/gems/ruby-2.0.0-p247@global/gems/rack-1.5.2/lib/rack/content_length.rb:14:in `call'
   () Users/Franzi/.rvm/gems/ruby-2.0.0-p247@global/gems/rack-1.5.2/lib/rack/handler/webrick.rb:60:in `service'
  /Users/Franzi/.rvm/rubies/ruby-2.0.0-p247/lib/ruby/2.0.0/webrick/httpserver.rb:138:in `service'
  /Users/Franzi/.rvm/rubies/ruby-2.0.0-p247/lib/ruby/2.0.0/webrick/httpserver.rb:94:in `run'
  /Users/Franzi/.rvm/rubies/ruby-2.0.0-p247/lib/ruby/2.0.0/webrick/server.rb:295:in `block in start_thread'



Started POST "/__better_errors/70311475651200/variables" for 127.0.0.1 at 2013-12-22 00:28:33 +0100


Started GET "/search/results/tomato" for 127.0.0.1 at 2013-12-22 00:28:34 +0100

ActiveRecord::PendingMigrationError - Migrations are pending; run 'bin/rake db:migrate RAILS_ENV=development' to resolve this issue.:
   () Users/Franzi/.rvm/gems/ruby-2.0.0-p247@global/gems/activerecord-4.0.1/lib/active_record/migration.rb:379:in `check_pending!'
   () Users/Franzi/.rvm/gems/ruby-2.0.0-p247@global/gems/activerecord-4.0.1/lib/active_record/migration.rb:366:in `call'
   () Users/Franzi/.rvm/gems/ruby-2.0.0-p247@global/gems/actionpack-4.0.1/lib/action_dispatch/middleware/callbacks.rb:29:in `block in call'
   () Users/Franzi/.rvm/gems/ruby-2.0.0-p247@global/gems/activesupport-4.0.1/lib/active_support/callbacks.rb:373:in `_run__2146128607769498822__call__callbacks'
   () Users/Franzi/.rvm/gems/ruby-2.0.0-p247@global/gems/activesupport-4.0.1/lib/active_support/callbacks.rb:80:in `run_callbacks'
   () Users/Franzi/.rvm/gems/ruby-2.0.0-p247@global/gems/actionpack-4.0.1/lib/action_dispatch/middleware/callbacks.rb:27:in `call'
   () Users/Franzi/.rvm/gems/ruby-2.0.0-p247@global/gems/actionpack-4.0.1/lib/action_dispatch/middleware/reloader.rb:64:in `call'
   () Users/Franzi/.rvm/gems/ruby-2.0.0-p247@global/gems/actionpack-4.0.1/lib/action_dispatch/middleware/remote_ip.rb:76:in `call'
  better_errors (1.0.1) lib/better_errors/middleware.rb:84:in `protected_app_call'
  better_errors (1.0.1) lib/better_errors/middleware.rb:79:in `better_errors_call'
  better_errors (1.0.1) lib/better_errors/middleware.rb:56:in `call'
   () Users/Franzi/.rvm/gems/ruby-2.0.0-p247@global/gems/actionpack-4.0.1/lib/action_dispatch/middleware/debug_exceptions.rb:17:in `call'
   () Users/Franzi/.rvm/gems/ruby-2.0.0-p247@global/gems/actionpack-4.0.1/lib/action_dispatch/middleware/show_exceptions.rb:30:in `call'
   () Users/Franzi/.rvm/gems/ruby-2.0.0-p247@global/gems/railties-4.0.1/lib/rails/rack/logger.rb:38:in `call_app'
   () Users/Franzi/.rvm/gems/ruby-2.0.0-p247@global/gems/railties-4.0.1/lib/rails/rack/logger.rb:20:in `block in call'
   () Users/Franzi/.rvm/gems/ruby-2.0.0-p247@global/gems/activesupport-4.0.1/lib/active_support/tagged_logging.rb:67:in `block in tagged'
   () Users/Franzi/.rvm/gems/ruby-2.0.0-p247@global/gems/activesupport-4.0.1/lib/active_support/tagged_logging.rb:25:in `tagged'
   () Users/Franzi/.rvm/gems/ruby-2.0.0-p247@global/gems/activesupport-4.0.1/lib/active_support/tagged_logging.rb:67:in `tagged'
   () Users/Franzi/.rvm/gems/ruby-2.0.0-p247@global/gems/railties-4.0.1/lib/rails/rack/logger.rb:20:in `call'
  config/initializers/quiet_assets.rb:7:in `call_with_quiet_assets'
   () Users/Franzi/.rvm/gems/ruby-2.0.0-p247@global/gems/actionpack-4.0.1/lib/action_dispatch/middleware/request_id.rb:21:in `call'
   () Users/Franzi/.rvm/gems/ruby-2.0.0-p247@global/gems/rack-1.5.2/lib/rack/methodoverride.rb:21:in `call'
   () Users/Franzi/.rvm/gems/ruby-2.0.0-p247@global/gems/rack-1.5.2/lib/rack/runtime.rb:17:in `call'
   () Users/Franzi/.rvm/gems/ruby-2.0.0-p247@global/gems/activesupport-4.0.1/lib/active_support/cache/strategy/local_cache.rb:83:in `call'
   () Users/Franzi/.rvm/gems/ruby-2.0.0-p247@global/gems/rack-1.5.2/lib/rack/lock.rb:17:in `call'
   () Users/Franzi/.rvm/gems/ruby-2.0.0-p247@global/gems/actionpack-4.0.1/lib/action_dispatch/middleware/static.rb:64:in `call'
   () Users/Franzi/.rvm/gems/ruby-2.0.0-p247@global/gems/rack-1.5.2/lib/rack/sendfile.rb:112:in `call'
   () Users/Franzi/.rvm/gems/ruby-2.0.0-p247@global/gems/railties-4.0.1/lib/rails/engine.rb:511:in `call'
   () Users/Franzi/.rvm/gems/ruby-2.0.0-p247@global/gems/railties-4.0.1/lib/rails/application.rb:97:in `call'
   () Users/Franzi/.rvm/gems/ruby-2.0.0-p247@global/gems/rack-1.5.2/lib/rack/lock.rb:17:in `call'
   () Users/Franzi/.rvm/gems/ruby-2.0.0-p247@global/gems/rack-1.5.2/lib/rack/content_length.rb:14:in `call'
   () Users/Franzi/.rvm/gems/ruby-2.0.0-p247@global/gems/rack-1.5.2/lib/rack/handler/webrick.rb:60:in `service'
  /Users/Franzi/.rvm/rubies/ruby-2.0.0-p247/lib/ruby/2.0.0/webrick/httpserver.rb:138:in `service'
  /Users/Franzi/.rvm/rubies/ruby-2.0.0-p247/lib/ruby/2.0.0/webrick/httpserver.rb:94:in `run'
  /Users/Franzi/.rvm/rubies/ruby-2.0.0-p247/lib/ruby/2.0.0/webrick/server.rb:295:in `block in start_thread'



Started POST "/__better_errors/70311498517740/variables" for 127.0.0.1 at 2013-12-22 00:28:34 +0100


Started GET "/search/results/tomato" for 127.0.0.1 at 2013-12-22 00:28:35 +0100

ActiveRecord::PendingMigrationError - Migrations are pending; run 'bin/rake db:migrate RAILS_ENV=development' to resolve this issue.:
   () Users/Franzi/.rvm/gems/ruby-2.0.0-p247@global/gems/activerecord-4.0.1/lib/active_record/migration.rb:379:in `check_pending!'
   () Users/Franzi/.rvm/gems/ruby-2.0.0-p247@global/gems/activerecord-4.0.1/lib/active_record/migration.rb:366:in `call'
   () Users/Franzi/.rvm/gems/ruby-2.0.0-p247@global/gems/actionpack-4.0.1/lib/action_dispatch/middleware/callbacks.rb:29:in `block in call'
   () Users/Franzi/.rvm/gems/ruby-2.0.0-p247@global/gems/activesupport-4.0.1/lib/active_support/callbacks.rb:373:in `_run__2146128607769498822__call__callbacks'
   () Users/Franzi/.rvm/gems/ruby-2.0.0-p247@global/gems/activesupport-4.0.1/lib/active_support/callbacks.rb:80:in `run_callbacks'
   () Users/Franzi/.rvm/gems/ruby-2.0.0-p247@global/gems/actionpack-4.0.1/lib/action_dispatch/middleware/callbacks.rb:27:in `call'
   () Users/Franzi/.rvm/gems/ruby-2.0.0-p247@global/gems/actionpack-4.0.1/lib/action_dispatch/middleware/reloader.rb:64:in `call'
   () Users/Franzi/.rvm/gems/ruby-2.0.0-p247@global/gems/actionpack-4.0.1/lib/action_dispatch/middleware/remote_ip.rb:76:in `call'
  better_errors (1.0.1) lib/better_errors/middleware.rb:84:in `protected_app_call'
  better_errors (1.0.1) lib/better_errors/middleware.rb:79:in `better_errors_call'
  better_errors (1.0.1) lib/better_errors/middleware.rb:56:in `call'
   () Users/Franzi/.rvm/gems/ruby-2.0.0-p247@global/gems/actionpack-4.0.1/lib/action_dispatch/middleware/debug_exceptions.rb:17:in `call'
   () Users/Franzi/.rvm/gems/ruby-2.0.0-p247@global/gems/actionpack-4.0.1/lib/action_dispatch/middleware/show_exceptions.rb:30:in `call'
   () Users/Franzi/.rvm/gems/ruby-2.0.0-p247@global/gems/railties-4.0.1/lib/rails/rack/logger.rb:38:in `call_app'
   () Users/Franzi/.rvm/gems/ruby-2.0.0-p247@global/gems/railties-4.0.1/lib/rails/rack/logger.rb:20:in `block in call'
   () Users/Franzi/.rvm/gems/ruby-2.0.0-p247@global/gems/activesupport-4.0.1/lib/active_support/tagged_logging.rb:67:in `block in tagged'
   () Users/Franzi/.rvm/gems/ruby-2.0.0-p247@global/gems/activesupport-4.0.1/lib/active_support/tagged_logging.rb:25:in `tagged'
   () Users/Franzi/.rvm/gems/ruby-2.0.0-p247@global/gems/activesupport-4.0.1/lib/active_support/tagged_logging.rb:67:in `tagged'
   () Users/Franzi/.rvm/gems/ruby-2.0.0-p247@global/gems/railties-4.0.1/lib/rails/rack/logger.rb:20:in `call'
  config/initializers/quiet_assets.rb:7:in `call_with_quiet_assets'
   () Users/Franzi/.rvm/gems/ruby-2.0.0-p247@global/gems/actionpack-4.0.1/lib/action_dispatch/middleware/request_id.rb:21:in `call'
   () Users/Franzi/.rvm/gems/ruby-2.0.0-p247@global/gems/rack-1.5.2/lib/rack/methodoverride.rb:21:in `call'
   () Users/Franzi/.rvm/gems/ruby-2.0.0-p247@global/gems/rack-1.5.2/lib/rack/runtime.rb:17:in `call'
   () Users/Franzi/.rvm/gems/ruby-2.0.0-p247@global/gems/activesupport-4.0.1/lib/active_support/cache/strategy/local_cache.rb:83:in `call'
   () Users/Franzi/.rvm/gems/ruby-2.0.0-p247@global/gems/rack-1.5.2/lib/rack/lock.rb:17:in `call'
   () Users/Franzi/.rvm/gems/ruby-2.0.0-p247@global/gems/actionpack-4.0.1/lib/action_dispatch/middleware/static.rb:64:in `call'
   () Users/Franzi/.rvm/gems/ruby-2.0.0-p247@global/gems/rack-1.5.2/lib/rack/sendfile.rb:112:in `call'
   () Users/Franzi/.rvm/gems/ruby-2.0.0-p247@global/gems/railties-4.0.1/lib/rails/engine.rb:511:in `call'
   () Users/Franzi/.rvm/gems/ruby-2.0.0-p247@global/gems/railties-4.0.1/lib/rails/application.rb:97:in `call'
   () Users/Franzi/.rvm/gems/ruby-2.0.0-p247@global/gems/rack-1.5.2/lib/rack/lock.rb:17:in `call'
   () Users/Franzi/.rvm/gems/ruby-2.0.0-p247@global/gems/rack-1.5.2/lib/rack/content_length.rb:14:in `call'
   () Users/Franzi/.rvm/gems/ruby-2.0.0-p247@global/gems/rack-1.5.2/lib/rack/handler/webrick.rb:60:in `service'
  /Users/Franzi/.rvm/rubies/ruby-2.0.0-p247/lib/ruby/2.0.0/webrick/httpserver.rb:138:in `service'
  /Users/Franzi/.rvm/rubies/ruby-2.0.0-p247/lib/ruby/2.0.0/webrick/httpserver.rb:94:in `run'
  /Users/Franzi/.rvm/rubies/ruby-2.0.0-p247/lib/ruby/2.0.0/webrick/server.rb:295:in `block in start_thread'



Started POST "/__better_errors/70311499728100/variables" for 127.0.0.1 at 2013-12-22 00:28:36 +0100
